<?xml version="1.0" encoding="UTF-8"?>
<!-- Generated by org.testng.reporters.JUnitXMLReporter -->
<testsuite ignored="0" hostname="user-PC" failures="0" tests="3" name="Default test" time="56.407" errors="0" timestamp="2023-04-20T15:30:15 IST">
  <testcase classname="datadriventesting.DDT_DP_Excel_Login_Validation" name="Login_valid" time="17.608"/>
  <testcase classname="datadriventesting.DDT_DP_Excel_Login_Validation" name="Login_valid" time="18.518"/>
  <testcase classname="datadriventesting.DDT_DP_Excel_Login_Validation" name="Login_valid" time="19.545"/>
</testsuite> <!-- Default test -->
